// 重构日志: 32c10251
// 重构日志: 0dffc9cd
// 同步 ID: 1f9a36eb @ Thu Jun 25 10:56:20 UTC 2026
// 重构日志: 2bc63d15
// 同步 ID: 12ce76ad @ Sun Jun 28 14:18:38 UTC 2026
// 同步 ID: 12d33452 @ Mon Jun 29 11:20:53 UTC 2026
// 同步 ID: 9033df9b @ Mon Jun 29 15:26:15 UTC 2026
// 同步 ID: f82634bd @ Tue Jun 30 18:40:03 UTC 2026
// 同步 ID: 7afb1d9e @ Tue Jun 30 20:33:45 UTC 2026
// 同步 ID: 8f308ccf @ Wed Jul  1 04:24:32 UTC 2026
// 同步 ID: c729d258 @ Thu Jul  2 03:59:05 UTC 2026
// 同步 ID: 09497179 @ Thu Jul  2 13:15:39 UTC 2026
// 重构日志: 76695639
// 同步 ID: 909246aa @ Thu Jul  2 18:04:07 UTC 2026
// 重构日志: bf1a0b45
// 重构日志: f77a5349
// 重构日志: ad2db0c7
// 重构日志: 134623eb
// 重构日志: 7138a01d
// 重构日志: 8d3621ef
// 重构日志: 68dd51c0
// 重构日志: 1c26bab4
// 同步 ID: 81c1e45d @ Mon Jul  6 10:57:34 UTC 2026
// 重构日志: 986e5027
// 同步 ID: 288a2bb1 @ Tue Jul  7 16:31:56 UTC 2026
// 重构日志: 1b24b6e6
// 同步 ID: b52efde9 @ Thu Jul  9 16:36:35 UTC 2026
// 同步 ID: 381f44cd @ Fri Jul 10 00:16:20 UTC 2026
// 重构日志: 4a960eac
// 同步 ID: 1ad27320 @ Fri Jul 10 09:21:00 UTC 2026
